Arguments: 
  C:\Program Files\nodejs\node.exe C:\Users\Sikandar\AppData\Roaming\npm\node_modules\yarn\bin\yarn.js add @tailwindcss/forms

PATH: 
  C:\Program Files (x86)\Common Files\Intel\Shared Libraries\redist\intel64\compiler;C:\Python310\Scripts\;C:\Python310\;C:\windows\system32;C:\windows;C:\windows\System32\Wbem;C:\windows\System32\WindowsPowerShell\v1.0\;C:\windows\System32\OpenSSH\;C:\Program Files\Git\cmd;C:\Program Files\nodejs\;C:\Users\Sikandar\.cargo\bin;C:\Program Files\MySQL\MySQL Shell 8.0\bin\;C:\Users\Sikandar\AppData\Local\Microsoft\WindowsApps;C:\Users\Sikandar\AppData\Local\Programs\Microsoft VS Code\bin;C:\ming-w\mingw32\bin;C:\Program Files\JetBrains\IntelliJ IDEA Community Edition 2021.2.3\bin;;C:\Program Files\JetBrains\PyCharm Community Edition 2021.3\bin;;C:\src\flutter\flutter\bin;C:\Program Files\MongoDB\Server\5.0\bin;;C:\Users\Sikandar\.deno\bin;C:\Users\Sikandar\AppData\Roaming\npm

Yarn version: 
  1.22.17

Node version: 
  18.12.1

Platform: 
  win32 x64

Trace: 
  Error: EPERM: operation not permitted, unlink 'D:\KIT\justdie\node_modules\@esbuild\win32-x64\esbuild.exe'

npm manifest: 
  {
  	"name": "justdie",
  	"version": "0.0.1",
  	"private": true,
  	"scripts": {
  		"dev": "vite dev",
  		"build": "vite build",
  		"preview": "vite preview",
  		"lint": "prettier --plugin-search-dir . --check .",
  		"format": "prettier --plugin-search-dir . --write ."
  	},
  	"devDependencies": {
  		"@sveltejs/adapter-auto": "^2.0.0",
  		"@sveltejs/kit": "^1.5.0",
  		"autoprefixer": "^10.4.13",
  		"postcss": "^8.4.21",
  		"prettier": "^2.8.0",
  		"prettier-plugin-svelte": "^2.8.1",
  		"svelte": "^3.54.0",
  		"tailwindcss": "^3.2.7",
  		"vite": "^4.0.0"
  	},
  	"type": "module",
  	"dependencies": {
  		"daisyui": "^2.51.1"
  	}
  }

yarn manifest: 
  No manifest

Lockfile: 
  No lockfile
